Looking for git in: git
Using git 2.17.1 from git
> git rev-parse --show-toplevel
> git rev-parse --git-dir
> git config --get commit.template
Open repository: /var/www/html/front
> git status -z -u
> git symbolic-ref --short HEAD
> git rev-parse feature/3747-realtime-notification
> git rev-parse --symbolic-full-name feature/3747-realtime-notification@{u}
fatal: no upstream configured for branch 'feature/3747-realtime-notification'
> git for-each-ref --format %(refname) %(objectname) --sort -committerdate
> git remote --verbose
> git check-ignore -v -z --stdin
> git show :package.json
> git show :src/stylesheets/components/Box.scss
> git check-ignore -v -z --stdin
> git show :src/components/layout/Header/blocs/HeaderActions/UserProfilModal/tabs/ParametersTab/CustomForm/CustomForm.js
> git check-ignore -v -z --stdin
> git show :src/stylesheets/components/Box.scss
> git show :src/stylesheets/components/AppBar.scss
> git show :src/components/core/Tabs/Tabs.js
> git check-ignore -v -z --stdin
