[Info  - 18:42:28] ESLint server stopped.
[Info  - 18:42:28] ESLint server running in node v10.11.0
[Info  - 18:42:28] ESLint server is running.
[Info  - 18:42:29] ESLint library loaded from: /var/www/html/seb/react-node-superchat/react-superchat/node_modules/eslint/lib/api.js
[Error - 18:42:29] 
Failed to load plugin 'import' declared in 'react-superchat/package.json » eslint-config-react-app': Cannot find module 'eslint-plugin-import'
Require stack:
- /var/www/html/seb/react-node-superchat/__placeholder__.js
Happened while validating /var/www/html/seb/react-node-superchat/react-superchat/src/components/TopBar/TopBar.js
This can happen for a couple of reasons:
1. The plugin name is spelled incorrectly in an ESLint configuration file (e.g. .eslintrc).
2. If ESLint is installed globally, then make sure 'eslint-plugin-import' is installed globally as well.
3. If ESLint is installed locally, then 'eslint-plugin-import' isn't installed correctly.

Consider running eslint --debug /var/www/html/seb/react-node-superchat/react-superchat/src/components/TopBar/TopBar.js from a terminal to obtain a trace about the configuration files used.
[Error - 18:51:08] 
Failed to load plugin 'import' declared in 'react-superchat/package.json » eslint-config-react-app': Cannot find module 'eslint-plugin-import'
Require stack:
- /var/www/html/seb/react-node-superchat/__placeholder__.js
Happened while validating /var/www/html/seb/react-node-superchat/react-superchat/src/components/TopBar/TopBar.js
This can happen for a couple of reasons:
1. The plugin name is spelled incorrectly in an ESLint configuration file (e.g. .eslintrc).
2. If ESLint is installed globally, then make sure 'eslint-plugin-import' is installed globally as well.
3. If ESLint is installed locally, then 'eslint-plugin-import' isn't installed correctly.

Consider running eslint --debug /var/www/html/seb/react-node-superchat/react-superchat/src/components/TopBar/TopBar.js from a terminal to obtain a trace about the configuration files used.
[Error - 18:51:23] ESLint stack trace:
[Error - 18:51:23] Error: Failed to load config "react-app" to extend from.
Referenced from: /var/www/html/seb/react-node-superchat/package.json
    at configMissingError (/var/www/html/seb/react-node-superchat/react-superchat/node_modules/eslint/lib/cli-engine/config-array-factory.js:265:9)
    at ConfigArrayFactory._loadExtendedShareableConfig (/var/www/html/seb/react-node-superchat/react-superchat/node_modules/eslint/lib/cli-engine/config-array-factory.js:826:23)
    at ConfigArrayFactory._loadExtends (/var/www/html/seb/react-node-superchat/react-superchat/node_modules/eslint/lib/cli-engine/config-array-factory.js:731:25)
    at ConfigArrayFactory._normalizeObjectConfigDataBody (/var/www/html/seb/react-node-superchat/react-superchat/node_modules/eslint/lib/cli-engine/config-array-factory.js:660:25)
    at _normalizeObjectConfigDataBody.next (<anonymous>)
    at ConfigArrayFactory._normalizeObjectConfigData (/var/www/html/seb/react-node-superchat/react-superchat/node_modules/eslint/lib/cli-engine/config-array-factory.js:596:20)
    at _normalizeObjectConfigData.next (<anonymous>)
    at createConfigArray (/var/www/html/seb/react-node-superchat/react-superchat/node_modules/eslint/lib/cli-engine/config-array-factory.js:340:25)
    at ConfigArrayFactory.loadInDirectory (/var/www/html/seb/react-node-superchat/react-superchat/node_modules/eslint/lib/cli-engine/config-array-factory.js:433:16)
    at CascadingConfigArrayFactory._loadConfigInAncestors (/var/www/html/seb/react-node-superchat/react-superchat/node_modules/eslint/lib/cli-engine/cascading-config-array-factory.js:328:46)
[Error - 18:55:51] Cannot read config file: /var/www/html/seb/react-node-superchat/react-superchat/node_modules/eslint-config-react-app/index.js Error: ENOENT: no such file or directory, open '/var/www/html/seb/react-node-superchat/react-superchat/node_modules/eslint-config-react-app/index.js' Referenced from: /var/www/html/seb/react-node-superchat/react-superchat/package.json
[Info  - 18:55:58] ESLint library loaded from: /usr/lib/node_modules/eslint/lib/api.js
[Error - 21:34:01] 
Failed to load plugin 'import' declared in 'react-superchat/package.json » eslint-config-react-app': Cannot find module 'eslint-plugin-import'
Require stack:
- /var/www/html/seb/react-node-superchat/__placeholder__.js
Happened while validating /var/www/html/seb/react-node-superchat/react-superchat/src/page/LoginPage/LoginPage.js
This can happen for a couple of reasons:
1. The plugin name is spelled incorrectly in an ESLint configuration file (e.g. .eslintrc).
2. If ESLint is installed globally, then make sure 'eslint-plugin-import' is installed globally as well.
3. If ESLint is installed locally, then 'eslint-plugin-import' isn't installed correctly.

Consider running eslint --debug /var/www/html/seb/react-node-superchat/react-superchat/src/page/LoginPage/LoginPage.js from a terminal to obtain a trace about the configuration files used.
