[2020-09-17 11:21:46.680] [exthost] [info] extension host started
[2020-09-17 11:21:46.728] [exthost] [info] ExtensionService#_doActivateExtension vscode.typescript-language-features {"startup":false,"activationEvent":"onLanguage:javascript"}
[2020-09-17 11:21:46.728] [exthost] [info] ExtensionService#loadCommonJSModule file:///usr/share/code/resources/app/extensions/typescript-language-features/dist/extension
[2020-09-17 11:21:46.797] [exthost] [info] ExtensionService#_doActivateExtension vscode.debug-auto-launch {"startup":true,"activationEvent":"*"}
[2020-09-17 11:21:46.797] [exthost] [info] ExtensionService#loadCommonJSModule file:///usr/share/code/resources/app/extensions/debug-auto-launch/dist/extension
[2020-09-17 11:21:46.800] [exthost] [info] ExtensionService#_doActivateExtension vscode.emmet {"startup":true,"activationEvent":"*"}
[2020-09-17 11:21:46.800] [exthost] [info] ExtensionService#loadCommonJSModule file:///usr/share/code/resources/app/extensions/emmet/dist/extension
[2020-09-17 11:21:46.842] [exthost] [info] ExtensionService#_doActivateExtension vscode.git {"startup":true,"activationEvent":"*"}
[2020-09-17 11:21:46.842] [exthost] [info] ExtensionService#loadCommonJSModule file:///usr/share/code/resources/app/extensions/git/dist/main
[2020-09-17 11:21:46.926] [exthost] [info] ExtensionService#_doActivateExtension vscode.merge-conflict {"startup":true,"activationEvent":"*"}
[2020-09-17 11:21:46.927] [exthost] [info] ExtensionService#loadCommonJSModule file:///usr/share/code/resources/app/extensions/merge-conflict/dist/extension
[2020-09-17 11:21:46.931] [exthost] [info] ExtensionService#_doActivateExtension CoenraadS.bracket-pair-colorizer {"startup":true,"activationEvent":"*"}
[2020-09-17 11:21:46.931] [exthost] [info] ExtensionService#loadCommonJSModule file:///home/seb/.vscode/extensions/coenraads.bracket-pair-colorizer-1.0.61/out/src/extension
[2020-09-17 11:21:46.945] [exthost] [info] ExtensionService#_doActivateExtension dbaeumer.vscode-eslint {"startup":true,"activationEvent":"*"}
[2020-09-17 11:21:46.945] [exthost] [info] ExtensionService#loadCommonJSModule file:///home/seb/.vscode/extensions/dbaeumer.vscode-eslint-1.9.1/client/out/extension
[2020-09-17 11:21:46.979] [exthost] [info] ExtensionService#_doActivateExtension esbenp.prettier-vscode {"startup":true,"activationEvent":"*"}
[2020-09-17 11:21:46.979] [exthost] [info] ExtensionService#loadCommonJSModule file:///home/seb/.vscode/extensions/esbenp.prettier-vscode-3.20.0/dist/extension
[2020-09-17 11:21:47.156] [exthost] [info] ExtensionService#_doActivateExtension rebornix.project-snippets {"startup":true,"activationEvent":"*"}
[2020-09-17 11:21:47.156] [exthost] [info] ExtensionService#loadCommonJSModule file:///home/seb/.vscode/extensions/rebornix.project-snippets-0.5.0/out/src/extension
[2020-09-17 11:21:47.159] [exthost] [info] ExtensionService#_doActivateExtension Zignd.html-css-class-completion {"startup":true,"activationEvent":"*"}
[2020-09-17 11:21:47.159] [exthost] [info] ExtensionService#loadCommonJSModule file:///home/seb/.vscode/extensions/zignd.html-css-class-completion-1.19.0/out/src/extension
[2020-09-17 11:21:47.413] [exthost] [info] eager extensions activated
[2020-09-17 11:22:02.264] [exthost] [info] ExtensionService#_doActivateExtension vscode.extension-editing {"startup":false,"activationEvent":"onLanguage:typescript"}
[2020-09-17 11:22:02.264] [exthost] [info] ExtensionService#loadCommonJSModule file:///usr/share/code/resources/app/extensions/extension-editing/dist/extension
