[2020-09-15 21:50:29.456] [exthost] [info] extension host started
[2020-09-15 21:50:29.465] [exthost] [info] ExtensionService#_doActivateExtension vscode.debug-auto-launch {"startup":true,"activationEvent":"*"}
[2020-09-15 21:50:29.466] [exthost] [info] ExtensionService#loadCommonJSModule file:///usr/share/code/resources/app/extensions/debug-auto-launch/dist/extension
[2020-09-15 21:50:29.468] [exthost] [info] ExtensionService#_doActivateExtension vscode.emmet {"startup":true,"activationEvent":"*"}
[2020-09-15 21:50:29.468] [exthost] [info] ExtensionService#loadCommonJSModule file:///usr/share/code/resources/app/extensions/emmet/dist/extension
[2020-09-15 21:50:29.502] [exthost] [info] ExtensionService#_doActivateExtension vscode.git {"startup":true,"activationEvent":"*"}
[2020-09-15 21:50:29.502] [exthost] [info] ExtensionService#loadCommonJSModule file:///usr/share/code/resources/app/extensions/git/dist/main
[2020-09-15 21:50:29.575] [exthost] [info] ExtensionService#_doActivateExtension vscode.merge-conflict {"startup":true,"activationEvent":"*"}
[2020-09-15 21:50:29.575] [exthost] [info] ExtensionService#loadCommonJSModule file:///usr/share/code/resources/app/extensions/merge-conflict/dist/extension
[2020-09-15 21:50:29.580] [exthost] [info] ExtensionService#_doActivateExtension CoenraadS.bracket-pair-colorizer {"startup":true,"activationEvent":"*"}
[2020-09-15 21:50:29.580] [exthost] [info] ExtensionService#loadCommonJSModule file:///home/seb/.vscode/extensions/coenraads.bracket-pair-colorizer-1.0.61/out/src/extension
[2020-09-15 21:50:29.591] [exthost] [info] ExtensionService#_doActivateExtension dbaeumer.vscode-eslint {"startup":true,"activationEvent":"*"}
[2020-09-15 21:50:29.591] [exthost] [info] ExtensionService#loadCommonJSModule file:///home/seb/.vscode/extensions/dbaeumer.vscode-eslint-1.9.1/client/out/extension
[2020-09-15 21:50:29.619] [exthost] [info] ExtensionService#_doActivateExtension esbenp.prettier-vscode {"startup":true,"activationEvent":"*"}
[2020-09-15 21:50:29.619] [exthost] [info] ExtensionService#loadCommonJSModule file:///home/seb/.vscode/extensions/esbenp.prettier-vscode-3.20.0/dist/extension
[2020-09-15 21:50:29.756] [exthost] [info] ExtensionService#_doActivateExtension rebornix.project-snippets {"startup":true,"activationEvent":"*"}
[2020-09-15 21:50:29.756] [exthost] [info] ExtensionService#loadCommonJSModule file:///home/seb/.vscode/extensions/rebornix.project-snippets-0.5.0/out/src/extension
[2020-09-15 21:50:29.759] [exthost] [info] ExtensionService#_doActivateExtension Zignd.html-css-class-completion {"startup":true,"activationEvent":"*"}
[2020-09-15 21:50:29.759] [exthost] [info] ExtensionService#loadCommonJSModule file:///home/seb/.vscode/extensions/zignd.html-css-class-completion-1.19.0/out/src/extension
[2020-09-15 21:50:29.952] [exthost] [info] eager extensions activated
[2020-09-15 21:50:37.853] [exthost] [info] extension host started
[2020-09-15 21:50:37.859] [exthost] [info] ExtensionService#_doActivateExtension vscode.debug-auto-launch {"startup":true,"activationEvent":"*"}
[2020-09-15 21:50:37.859] [exthost] [info] ExtensionService#loadCommonJSModule file:///usr/share/code/resources/app/extensions/debug-auto-launch/dist/extension
[2020-09-15 21:50:37.861] [exthost] [info] ExtensionService#_doActivateExtension vscode.emmet {"startup":true,"activationEvent":"*"}
[2020-09-15 21:50:37.861] [exthost] [info] ExtensionService#loadCommonJSModule file:///usr/share/code/resources/app/extensions/emmet/dist/extension
[2020-09-15 21:50:37.902] [exthost] [info] ExtensionService#_doActivateExtension vscode.git {"startup":true,"activationEvent":"*"}
[2020-09-15 21:50:37.902] [exthost] [info] ExtensionService#loadCommonJSModule file:///usr/share/code/resources/app/extensions/git/dist/main
[2020-09-15 21:50:37.990] [exthost] [info] ExtensionService#_doActivateExtension vscode.merge-conflict {"startup":true,"activationEvent":"*"}
[2020-09-15 21:50:37.990] [exthost] [info] ExtensionService#loadCommonJSModule file:///usr/share/code/resources/app/extensions/merge-conflict/dist/extension
[2020-09-15 21:50:37.995] [exthost] [info] ExtensionService#_doActivateExtension CoenraadS.bracket-pair-colorizer {"startup":true,"activationEvent":"*"}
[2020-09-15 21:50:37.995] [exthost] [info] ExtensionService#loadCommonJSModule file:///home/seb/.vscode/extensions/coenraads.bracket-pair-colorizer-1.0.61/out/src/extension
[2020-09-15 21:50:38.009] [exthost] [info] ExtensionService#_doActivateExtension dbaeumer.vscode-eslint {"startup":true,"activationEvent":"*"}
[2020-09-15 21:50:38.009] [exthost] [info] ExtensionService#loadCommonJSModule file:///home/seb/.vscode/extensions/dbaeumer.vscode-eslint-1.9.1/client/out/extension
[2020-09-15 21:50:38.043] [exthost] [info] ExtensionService#_doActivateExtension esbenp.prettier-vscode {"startup":true,"activationEvent":"*"}
[2020-09-15 21:50:38.043] [exthost] [info] ExtensionService#loadCommonJSModule file:///home/seb/.vscode/extensions/esbenp.prettier-vscode-3.20.0/dist/extension
[2020-09-15 21:50:38.212] [exthost] [info] ExtensionService#_doActivateExtension rebornix.project-snippets {"startup":true,"activationEvent":"*"}
[2020-09-15 21:50:38.213] [exthost] [info] ExtensionService#loadCommonJSModule file:///home/seb/.vscode/extensions/rebornix.project-snippets-0.5.0/out/src/extension
[2020-09-15 21:50:38.215] [exthost] [info] ExtensionService#_doActivateExtension Zignd.html-css-class-completion {"startup":true,"activationEvent":"*"}
[2020-09-15 21:50:38.215] [exthost] [info] ExtensionService#loadCommonJSModule file:///home/seb/.vscode/extensions/zignd.html-css-class-completion-1.19.0/out/src/extension
[2020-09-15 21:50:38.455] [exthost] [info] ExtensionService#_doActivateExtension vscode.npm {"startup":true,"activationEvent":"workspaceContains:package.json"}
[2020-09-15 21:50:38.455] [exthost] [info] ExtensionService#loadCommonJSModule file:///usr/share/code/resources/app/extensions/npm/dist/main
[2020-09-15 21:50:38.675] [exthost] [info] eager extensions activated
