Looking for git in: git
Using git 2.17.1 from git
> git rev-parse --show-toplevel
> git rev-parse --git-dir
> git config --get commit.template
Open repository: /var/www/html/core
> git status -z -u
> git symbolic-ref --short HEAD
> git rev-parse hotfix/3804-suivi-print
> git rev-parse --symbolic-full-name hotfix/3804-suivi-print@{u}
> git rev-list --left-right hotfix/3804-suivi-print...refs/remotes/origin/hotfix/3804-suivi-print
> git for-each-ref --format %(refname) %(objectname) --sort -committerdate
> git remote --verbose
> git show :app/config/index.conf.php
> git ls-files --stage -- app/config/
> git check-ignore -v -z --stdin
> git show :app/Bundle/CoreBundle/Assets/js/Repository/query.js
> git check-ignore -v -z --stdin
> git status -z -u
> git symbolic-ref --short HEAD
> git rev-parse hotfix/3804-suivi-print
> git rev-parse --symbolic-full-name hotfix/3804-suivi-print@{u}
> git rev-list --left-right hotfix/3804-suivi-print...refs/remotes/origin/hotfix/3804-suivi-print
> git for-each-ref --format %(refname) %(objectname) --sort -committerdate
> git remote --verbose
> git status -z -u
> git symbolic-ref --short HEAD
> git rev-parse hotfix/3804-suivi-print
> git rev-parse --symbolic-full-name hotfix/3804-suivi-print@{u}
> git rev-list --left-right hotfix/3804-suivi-print...refs/remotes/origin/hotfix/3804-suivi-print
> git for-each-ref --format %(refname) %(objectname) --sort -committerdate
> git remote --verbose
> git status -z -u
> git symbolic-ref --short HEAD
> git rev-parse hotfix/3804-suivi-print
> git rev-parse --symbolic-full-name hotfix/3804-suivi-print@{u}
> git rev-list --left-right hotfix/3804-suivi-print...refs/remotes/origin/hotfix/3804-suivi-print
> git for-each-ref --format %(refname) %(objectname) --sort -committerdate
> git remote --verbose
> git status -z -u
> git symbolic-ref --short HEAD
> git rev-parse hotfix/3804-suivi-print
> git rev-parse --symbolic-full-name hotfix/3804-suivi-print@{u}
> git rev-list --left-right hotfix/3804-suivi-print...refs/remotes/origin/hotfix/3804-suivi-print
> git for-each-ref --format %(refname) %(objectname) --sort -committerdate
> git remote --verbose
> git show :app/Bundle/CoreBundle/Assets/js/Repository/query.js
> git status -z -u
> git symbolic-ref --short HEAD
> git rev-parse hotfix/3804-suivi-print
> git rev-parse --symbolic-full-name hotfix/3804-suivi-print@{u}
> git rev-list --left-right hotfix/3804-suivi-print...refs/remotes/origin/hotfix/3804-suivi-print
> git for-each-ref --format %(refname) %(objectname) --sort -committerdate
> git remote --verbose
> git show :app/Bundle/CoreBundle/Assets/js/Repository/query.js
> git status -z -u
> git symbolic-ref --short HEAD
> git rev-parse hotfix/3804-suivi-print
> git rev-parse --symbolic-full-name hotfix/3804-suivi-print@{u}
> git rev-list --left-right hotfix/3804-suivi-print...refs/remotes/origin/hotfix/3804-suivi-print
> git for-each-ref --format %(refname) %(objectname) --sort -committerdate
> git remote --verbose
> git show :app/config/index.conf.php
> git ls-files --stage -- app/config/
> git show :app/views/suivi/line/line_intervention_form.php
> git check-ignore -v -z --stdin
> git check-ignore -v -z --stdin
> git show :app/views/suivi/line/line_rcp.php
> git status -z -u
> git symbolic-ref --short HEAD
> git rev-parse hotfix/3804-suivi-print
> git rev-parse --symbolic-full-name hotfix/3804-suivi-print@{u}
> git rev-list --left-right hotfix/3804-suivi-print...refs/remotes/origin/hotfix/3804-suivi-print
> git for-each-ref --format %(refname) %(objectname) --sort -committerdate
> git remote --verbose
> git status -z -u
> git symbolic-ref --short HEAD
> git rev-parse hotfix/3804-suivi-print
> git rev-parse --symbolic-full-name hotfix/3804-suivi-print@{u}
> git rev-list --left-right hotfix/3804-suivi-print...refs/remotes/origin/hotfix/3804-suivi-print
> git for-each-ref --format %(refname) %(objectname) --sort -committerdate
> git remote --verbose
> git status -z -u
> git symbolic-ref --short HEAD
> git rev-parse hotfix/3804-suivi-print
> git rev-parse --symbolic-full-name hotfix/3804-suivi-print@{u}
> git rev-list --left-right hotfix/3804-suivi-print...refs/remotes/origin/hotfix/3804-suivi-print
> git for-each-ref --format %(refname) %(objectname) --sort -committerdate
> git remote --verbose
> git status -z -u
> git symbolic-ref --short HEAD
> git rev-parse hotfix/3804-suivi-print
> git rev-parse --symbolic-full-name hotfix/3804-suivi-print@{u}
> git rev-list --left-right hotfix/3804-suivi-print...refs/remotes/origin/hotfix/3804-suivi-print
> git for-each-ref --format %(refname) %(objectname) --sort -committerdate
> git remote --verbose
> git status -z -u
> git symbolic-ref --short HEAD
> git rev-parse hotfix/3804-suivi-print
> git rev-parse --symbolic-full-name hotfix/3804-suivi-print@{u}
> git rev-list --left-right hotfix/3804-suivi-print...refs/remotes/origin/hotfix/3804-suivi-print
> git for-each-ref --format %(refname) %(objectname) --sort -committerdate
> git remote --verbose
> git status -z -u
> git symbolic-ref --short HEAD
> git rev-parse hotfix/3804-suivi-print
> git rev-parse --symbolic-full-name hotfix/3804-suivi-print@{u}
> git rev-list --left-right hotfix/3804-suivi-print...refs/remotes/origin/hotfix/3804-suivi-print
> git for-each-ref --format %(refname) %(objectname) --sort -committerdate
> git remote --verbose
